<?xml version="1.0" encoding="UTF-8"?>
<!-- Generated by org.testng.reporters.JUnitReportReporter -->
<testsuite hostname="shinojnmp" failures="0" tests="1" name="robo.Uploadrobo" time="1.391" errors="0" timestamp="2025-04-28T16:50:09 IST" skipped="0">
  <testcase classname="robo.Uploadrobo" name="choosefilerobo" time="1.391"/>
  <system-out/>
</testsuite> <!-- robo.Uploadrobo -->
